104816.449190 [9704] [6812] <info> Open log D:\progr_fol\Project-tc-f 13.12.2019\tslight\bin\Debug\, level 3
104816.464191 [9704] [6812] <info> System version 6.17. TXmlConnector version 2.21.2
104816.464191 [9704] [6812] <info> Initializing...
105546.963958 [3952] [5388] <info> Open log D:\progr_fol\Project-tc-f 13.12.2019\tslight\bin\Debug\, level 3
105546.977959 [3952] [5388] <info> System version 6.17. TXmlConnector version 2.21.2
105546.977959 [3952] [5388] <info> Initializing...
105747.627860 [7732] [7120] <info> Open log D:\progr_fol\Project-tc-f 13.12.2019\tslight\bin\Debug\, level 3
105747.628860 [7732] [7120] <info> System version 6.17. TXmlConnector version 2.21.2
105747.628860 [7732] [7120] <info> Initializing...
110030.611182 [7732] [7120] <info> State <DISCONNECTED> changed to <CONNECTING>
110030.611182 [7732] [main] <info> Initializing dsp...
110030.611182 [7732] [main] <info> Preparing for login...
110030.611182 [7732] [main] <info> Packet size: 65520
110030.611182 [7732] [main] <info> Logging in...
110030.814193 [7732] [main] <info> Logged in
110030.814193 [7732] [main] <info> State <CONNECTING> changed to <LOADING>
110030.814193 [7732] [main] <info> Loading static data...
110030.878197 [7732] [main] <info> Loading snapshot...
110030.879197 [7732] [main] <info> State <LOADING> changed to <READY>
110030.879197 [7732] [main] <info> Main thread OK. Data refresh period: 100
110036.241504 [7732] [main] <info> Snapshot progress: Cl: 4, As: 0
110036.242504 [7732] [main] <info> Snapshot loaded: Cl: 4, As: 0
110036.242504 [7732] [main] <info> Host RAM: 4294MB total, 1089MB available, 103817KB used
