171107.826178 [2560] [5048] <info> Open log D:\progr_fol\Project-tc-f 13.12.2019\tslight\bin\Debug\, level 3
171107.829179 [2560] [5048] <info> System version 6.17. TXmlConnector version 2.21.2
171107.829179 [2560] [5048] <info> Initializing...
171252.732179 [2560] [5048] <info> State <DISCONNECTED> changed to <CONNECTING>
171252.732179 [2560] [main] <info> Initializing dsp...
171252.733179 [2560] [main] <info> Preparing for login...
171252.734179 [2560] [main] <info> Packet size: 65520
171252.734179 [2560] [main] <info> Logging in...
171252.867186 [2560] [main] <warning> Failed to login
171252.870187 [2560] [main] <info> State <CONNECTING> changed to <DISCONNECTED>
172709.270170 [6056] [3632] <info> Open log D:\progr_fol\Project-tc-f 13.12.2019\tslight\bin\Debug\, level 3
172709.270170 [6056] [3632] <info> System version 6.17. TXmlConnector version 2.21.2
172709.270170 [6056] [3632] <info> Initializing...
173057.676234 [6056] [3632] <info> State <DISCONNECTED> changed to <CONNECTING>
173057.676234 [6056] [main] <info> Initializing dsp...
173057.676234 [6056] [main] <info> Preparing for login...
173057.676234 [6056] [main] <info> Packet size: 65520
173057.676234 [6056] [main] <info> Logging in...
173057.784240 [6056] [main] <warning> Failed to login
173057.784240 [6056] [main] <info> State <CONNECTING> changed to <DISCONNECTED>
173104.691635 [5228] [4732] <info> Open log D:\progr_fol\Project-tc-f 13.12.2019\tslight\bin\Debug\, level 3
173104.691635 [5228] [4732] <info> System version 6.17. TXmlConnector version 2.21.2
173104.691635 [5228] [4732] <info> Initializing...
173121.852617 [5228] [4732] <info> State <DISCONNECTED> changed to <CONNECTING>
173121.852617 [5228] [main] <info> Initializing dsp...
173121.852617 [5228] [main] <info> Preparing for login...
173121.852617 [5228] [main] <info> Packet size: 65520
173121.852617 [5228] [main] <info> Logging in...
173121.857617 [5228] [main] <warning> Failed to login
173121.857617 [5228] [main] <info> State <CONNECTING> changed to <DISCONNECTED>
173247.777531 [5228] [4732] <info> Cleaning up!
173248.777589 [5228] [4732] <info> State <DISCONNECTED> changed to <CONNECTING>
173248.777589 [5228] [main] <info> Initializing dsp...
173248.777589 [5228] [main] <info> Preparing for login...
173248.777589 [5228] [main] <info> Packet size: 65520
173248.777589 [5228] [main] <info> Logging in...
173249.002601 [5228] [main] <info> Logged in
173249.005602 [5228] [main] <info> State <CONNECTING> changed to <LOADING>
173249.006602 [5228] [main] <info> Loading static data...
173249.070605 [5228] [main] <info> Loading snapshot...
173249.070605 [5228] [main] <info> State <LOADING> changed to <READY>
173249.074606 [5228] [main] <info> Main thread OK. Data refresh period: 100
173255.108951 [5228] [main] <info> Snapshot loaded: Cl: 4, As: 0
173255.145953 [5228] [main] <info> Host RAM: 4294MB total, 581MB available, 103075KB used
232130.946268 [5228] [4732] <info> Disconnecting...
232130.970270 [5228] [4732] <info> Waiting for WorkUp...
232130.970270 [5228] [main] <info> Shutdown event received
232130.996271 [5228] [main] <info> State <READY> changed to <DISCONNECTING>
232130.996271 [5228] [main] <info> Logging out...
232131.213283 [5228] [main] <info> Host RAM: 4294MB total, 862MB available, 74100KB used
232131.223284 [5228] [main] <info> State <DISCONNECTING> changed to <DISCONNECTED>
232131.262286 [5228] [4732] <info> Disconnect OK
232131.331290 [5228] [4732] <info> Finalizing...
232131.331290 [5228] [4732] <info> Shutdown...
232131.331290 [5228] [4732] <info> Waiting for callback thread...
232131.361292 [5228] [4732] <info> Shutdown OK
232231.320721 [10964] [10844] <info> Open log D:\progr_fol\Project-tc-f 13.12.2019\tslight\bin\Debug\, level 3
232231.320721 [10964] [10844] <info> System version 6.17. TXmlConnector version 2.21.2
232231.320721 [10964] [10844] <info> Initializing...
