115143.714663 [10432] [10596] <info> Open log D:\progr_fol\Project-tc-f 13.12.2019\tslight\bin\Debug\, level 3
115143.722663 [10432] [10596] <info> System version 6.17. TXmlConnector version 2.21.2
115143.722663 [10432] [10596] <info> Initializing...
115400.613493 [10432] [10596] <info> State <DISCONNECTED> changed to <CONNECTING>
115400.614493 [10432] [main] <info> Initializing dsp...
115400.614493 [10432] [main] <info> Preparing for login...
115400.614493 [10432] [main] <info> Packet size: 65520
115400.614493 [10432] [main] <info> Logging in...
115400.832506 [10432] [main] <info> Logged in
115400.832506 [10432] [main] <info> State <CONNECTING> changed to <LOADING>
115400.832506 [10432] [main] <info> Loading static data...
115400.887509 [10432] [main] <info> Loading snapshot...
115400.888509 [10432] [main] <info> State <LOADING> changed to <READY>
115400.888509 [10432] [main] <info> Main thread OK. Data refresh period: 100
115406.446827 [10432] [main] <info> Snapshot progress: Cl: 4, As: 0
115406.446827 [10432] [main] <info> Snapshot loaded: Cl: 4, As: 0
115406.446827 [10432] [main] <info> Host RAM: 4294MB total, 637MB available, 106422KB used
131533.111328 [6892] [9816] <info> Open log D:\progr_fol\Project-tc-f 13.12.2019\tslight\bin\Debug\, level 3
131533.121329 [6892] [9816] <info> System version 6.17. TXmlConnector version 2.21.2
131533.121329 [6892] [9816] <info> Initializing...
131541.394802 [6892] [9816] <info> State <DISCONNECTED> changed to <CONNECTING>
131541.394802 [6892] [main] <info> Initializing dsp...
131541.394802 [6892] [main] <info> Preparing for login...
131541.394802 [6892] [main] <info> Packet size: 65520
131541.394802 [6892] [main] <info> Logging in...
131541.526809 [6892] [main] <info> Logged in
131541.526809 [6892] [main] <info> State <CONNECTING> changed to <LOADING>
131541.526809 [6892] [main] <info> Loading static data...
131541.568812 [6892] [main] <info> Loading snapshot...
131541.568812 [6892] [main] <info> State <LOADING> changed to <READY>
131541.568812 [6892] [main] <info> Main thread OK. Data refresh period: 100
131549.499265 [6892] [main] <info> Snapshot loaded: Cl: 4, As: 0
131549.499265 [6892] [main] <info> Host RAM: 4294MB total, 940MB available, 103522KB used
131733.040188 [6892] [9816] <info> Disconnecting...
131733.040188 [6892] [9816] <info> Waiting for WorkUp...
131733.040188 [6892] [main] <info> Shutdown event received
131733.053188 [6892] [main] <info> State <READY> changed to <DISCONNECTING>
131733.057189 [6892] [main] <info> Logging out...
131733.257200 [6892] [main] <info> Host RAM: 4294MB total, 966MB available, 103399KB used
131733.257200 [6892] [main] <info> State <DISCONNECTING> changed to <DISCONNECTED>
131733.299202 [6892] [9816] <info> Disconnect OK
132723.128939 [6892] [9816] <info> State <DISCONNECTED> changed to <CONNECTING>
132723.128939 [6892] [main] <info> Initializing dsp...
132723.128939 [6892] [main] <info> Preparing for login...
132723.128939 [6892] [main] <info> Packet size: 65520
132723.128939 [6892] [main] <info> Logging in...
132723.222944 [6892] [main] <info> Logged in
132723.222944 [6892] [main] <info> State <CONNECTING> changed to <LOADING>
132723.222944 [6892] [main] <info> Loading static data...
132723.281947 [6892] [main] <info> Loading snapshot...
132723.281947 [6892] [main] <info> State <LOADING> changed to <READY>
132723.281947 [6892] [main] <info> Main thread OK. Data refresh period: 100
132729.492303 [6892] [main] <info> Snapshot loaded: Cl: 4, As: 0
132729.492303 [6892] [main] <info> Host RAM: 4294MB total, 945MB available, 124530KB used
133704.929216 [3568] [4884] <info> Open log D:\progr_fol\Project-tc-f 13.12.2019\tslight\bin\Debug\, level 3
133704.929216 [3568] [4884] <info> System version 6.17. TXmlConnector version 2.21.2
133704.930216 [3568] [4884] <info> Initializing...
133842.608803 [3568] [4884] <info> State <DISCONNECTED> changed to <CONNECTING>
133842.608803 [3568] [main] <info> Initializing dsp...
133842.608803 [3568] [main] <info> Preparing for login...
133842.608803 [3568] [main] <info> Packet size: 65520
133842.609803 [3568] [main] <info> Logging in...
133842.707808 [3568] [main] <info> Logged in
133842.707808 [3568] [main] <info> State <CONNECTING> changed to <LOADING>
133842.707808 [3568] [main] <info> Loading static data...
133842.749811 [3568] [main] <info> Loading snapshot...
133842.749811 [3568] [main] <info> State <LOADING> changed to <READY>
133842.749811 [3568] [main] <info> Main thread OK. Data refresh period: 100
133848.110117 [3568] [main] <info> Snapshot progress: Cl: 4, As: 0
133848.110117 [3568] [main] <info> Snapshot loaded: Cl: 4, As: 0
133848.110117 [3568] [main] <info> Host RAM: 4294MB total, 816MB available, 110149KB used
135715.516457 [3604] [7372] <info> Open log D:\progr_fol\Project-tc-f 13.12.2019\tslight\bin\Debug\, level 3
135715.516457 [3604] [7372] <info> System version 6.17. TXmlConnector version 2.21.2
135715.516457 [3604] [7372] <info> Initializing...
135759.058948 [3604] [7372] <info> State <DISCONNECTED> changed to <CONNECTING>
135759.058948 [3604] [main] <info> Initializing dsp...
135759.058948 [3604] [main] <info> Preparing for login...
135759.058948 [3604] [main] <info> Packet size: 65520
135759.058948 [3604] [main] <info> Logging in...
135759.258959 [3604] [main] <info> Logged in
135759.258959 [3604] [main] <info> State <CONNECTING> changed to <LOADING>
135759.258959 [3604] [main] <info> Loading static data...
135759.298962 [3604] [main] <info> Loading snapshot...
135759.298962 [3604] [main] <info> State <LOADING> changed to <READY>
135759.298962 [3604] [main] <info> Main thread OK. Data refresh period: 100
135805.239301 [3604] [main] <info> Snapshot loaded: Cl: 4, As: 0
135805.239301 [3604] [main] <info> Host RAM: 4294MB total, 844MB available, 109445KB used
140228.907382 [2444] [7816] <info> Open log D:\progr_fol\Project-tc-f 13.12.2019\tslight\bin\Debug\, level 3
140228.907382 [2444] [7816] <info> System version 6.17. TXmlConnector version 2.21.2
140228.907382 [2444] [7816] <info> Initializing...
140905.305055 [2444] [7816] <info> State <DISCONNECTED> changed to <CONNECTING>
140905.305055 [2444] [main] <info> Initializing dsp...
140905.305055 [2444] [main] <info> Preparing for login...
140905.305055 [2444] [main] <info> Packet size: 65520
140905.305055 [2444] [main] <info> Logging in...
140905.395060 [2444] [main] <info> Logged in
140905.395060 [2444] [main] <info> State <CONNECTING> changed to <LOADING>
140905.395060 [2444] [main] <info> Loading static data...
140905.436063 [2444] [main] <info> Loading snapshot...
140905.436063 [2444] [main] <info> State <LOADING> changed to <READY>
140905.436063 [2444] [main] <info> Main thread OK. Data refresh period: 100
140911.201392 [2444] [main] <info> Snapshot loaded: Cl: 4, As: 0
140911.201392 [2444] [main] <info> Host RAM: 4294MB total, 822MB available, 114126KB used
142146.395794 [2444] [main] <fatal> Main thread exception: CacheException
142146.395794 [2444] [main] <info> State <READY> changed to <DISCONNECTING>
142146.395794 [2444] [main] <info> Logging out...
142146.395794 [2444] [main] <info> Host RAM: 4294MB total, 872MB available, 118407KB used
142146.395794 [2444] [main] <info> State <DISCONNECTING> changed to <DISCONNECTED>
200948.408817 [2136] [2872] <info> Open log D:\progr_fol\Project-tc-f 13.12.2019\tslight\bin\Debug\, level 3
200948.408817 [2136] [2872] <info> System version 6.17. TXmlConnector version 2.21.2
200948.408817 [2136] [2872] <info> Initializing...
200956.917304 [2136] [2872] <info> State <DISCONNECTED> changed to <CONNECTING>
200956.917304 [2136] [main] <info> Initializing dsp...
200956.917304 [2136] [main] <info> Preparing for login...
200956.917304 [2136] [main] <info> Packet size: 65520
200956.918304 [2136] [main] <info> Logging in...
200957.153317 [2136] [main] <info> Logged in
200957.153317 [2136] [main] <info> State <CONNECTING> changed to <LOADING>
200957.153317 [2136] [main] <info> Loading static data...
200957.210320 [2136] [main] <info> Loading snapshot...
200957.211321 [2136] [main] <info> State <LOADING> changed to <READY>
200957.211321 [2136] [main] <info> Main thread OK. Data refresh period: 100
201002.596629 [2136] [main] <info> Snapshot progress: Cl: 4, As: 0
201002.596629 [2136] [main] <info> Snapshot loaded: Cl: 4, As: 0
201002.597629 [2136] [main] <info> Host RAM: 4294MB total, 721MB available, 101482KB used
202811.112064 [2136] [main] <fatal> Main thread exception: CacheException
202811.116064 [2136] [main] <info> State <READY> changed to <DISCONNECTING>
202811.386080 [2136] [main] <info> Logging out...
202811.386080 [2136] [main] <info> Host RAM: 4294MB total, 470MB available, 104509KB used
202811.386080 [2136] [main] <info> State <DISCONNECTING> changed to <DISCONNECTED>
