170029.880548 [5068] [8284] <info> Open log D:\progr_fol\Project-tc-f 13.12.2019\tslight\bin\Debug\, level 3
170029.884548 [5068] [8284] <info> System version 6.17. TXmlConnector version 2.21.2
170029.885548 [5068] [8284] <info> Initializing...
170108.680767 [5068] [8284] <info> Finalizing...
170108.680767 [5068] [8284] <info> Shutdown...
170108.680767 [5068] [8284] <info> Waiting for callback thread...
170108.680767 [5068] [8284] <info> Shutdown OK
170120.774459 [5436] [3852] <info> Open log D:\progr_fol\Project-tc-f 13.12.2019\tslight\bin\Debug\, level 3
170120.774459 [5436] [3852] <info> System version 6.17. TXmlConnector version 2.21.2
170120.774459 [5436] [3852] <info> Initializing...
170212.038391 [5436] [3852] <info> State <DISCONNECTED> changed to <CONNECTING>
170212.038391 [5436] [main] <info> Initializing dsp...
170212.038391 [5436] [main] <info> Preparing for login...
170212.039391 [5436] [main] <info> Packet size: 65520
170212.039391 [5436] [main] <info> Logging in...
170212.308407 [5436] [main] <info> Logged in
170212.308407 [5436] [main] <info> State <CONNECTING> changed to <LOADING>
170212.308407 [5436] [main] <info> Loading static data...
170212.370410 [5436] [main] <info> Loading snapshot...
170212.371410 [5436] [main] <info> State <LOADING> changed to <READY>
170212.371410 [5436] [main] <info> Main thread OK. Data refresh period: 100
170218.272748 [5436] [main] <info> Snapshot loaded: Cl: 4, As: 0
170218.311750 [5436] [main] <info> Host RAM: 4294MB total, 805MB available, 101978KB used
