115001.040802 [7032] [5888] <info> Open log D:\progr_fol\Project-tc-f 13.12.2019\tslight\bin\Debug\, level 3
115001.043802 [7032] [5888] <info> System version 6.17. TXmlConnector version 2.21.2
115001.043802 [7032] [5888] <info> Initializing...
115216.103527 [4940] [6220] <info> Open log D:\progr_fol\Project-tc-f 13.12.2019\tslight\bin\Debug\, level 3
115216.103527 [4940] [6220] <info> System version 6.17. TXmlConnector version 2.21.2
115216.104527 [4940] [6220] <info> Initializing...
115710.572370 [4940] [6220] <info> State <DISCONNECTED> changed to <CONNECTING>
115710.573370 [4940] [main] <info> Initializing dsp...
115710.573370 [4940] [main] <info> Preparing for login...
115710.574370 [4940] [main] <info> Packet size: 65520
115710.574370 [4940] [main] <info> Logging in...
115711.059398 [4940] [main] <info> Logged in
115711.059398 [4940] [main] <info> State <CONNECTING> changed to <LOADING>
115711.059398 [4940] [main] <info> Loading static data...
115711.107401 [4940] [main] <info> Loading snapshot...
115711.107401 [4940] [main] <info> State <LOADING> changed to <READY>
115711.107401 [4940] [main] <info> Main thread OK. Data refresh period: 100
115717.340757 [4940] [main] <info> Snapshot loaded: Cl: 4, As: 0
115717.341757 [4940] [main] <info> Host RAM: 4294MB total, 423MB available, 98877KB used
143113.268901 [4940] [main] <fatal> Main thread exception: CacheException
143113.269902 [4940] [main] <info> State <READY> changed to <DISCONNECTING>
143113.269902 [4940] [main] <info> Logging out...
143113.269902 [4940] [main] <info> Host RAM: 4294MB total, 428MB available, 100368KB used
143113.269902 [4940] [main] <info> State <DISCONNECTING> changed to <DISCONNECTED>
143130.840907 [3904] [3544] <info> Open log D:\progr_fol\Project-tc-f 13.12.2019\tslight\bin\Debug\, level 3
143130.840907 [3904] [3544] <info> System version 6.17. TXmlConnector version 2.21.2
143130.840907 [3904] [3544] <info> Initializing...
143142.675583 [3904] [3544] <info> State <DISCONNECTED> changed to <CONNECTING>
143142.675583 [3904] [main] <info> Initializing dsp...
143142.675583 [3904] [main] <info> Preparing for login...
143142.675583 [3904] [main] <info> Packet size: 65520
143142.675583 [3904] [main] <info> Logging in...
143142.834593 [3904] [main] <info> Logged in
143142.834593 [3904] [main] <info> State <CONNECTING> changed to <LOADING>
143142.834593 [3904] [main] <info> Loading static data...
143142.875595 [3904] [main] <info> Loading snapshot...
143142.876595 [3904] [main] <info> State <LOADING> changed to <READY>
143142.876595 [3904] [main] <info> Main thread OK. Data refresh period: 100
143148.174898 [3904] [main] <info> Snapshot progress: Cl: 4, As: 0
143148.174898 [3904] [main] <info> Snapshot loaded: Cl: 4, As: 0
143148.175898 [3904] [main] <info> Host RAM: 4294MB total, 491MB available, 99893KB used
143203.896797 [6424] [5228] <info> Open log D:\progr_fol\Project-tc-f 13.12.2019\tslight\bin\Debug\, level 3
143203.896797 [6424] [5228] <info> System version 6.17. TXmlConnector version 2.21.2
143203.896797 [6424] [5228] <info> Initializing...
143210.891197 [6424] [5228] <info> State <DISCONNECTED> changed to <CONNECTING>
143210.891197 [6424] [main] <info> Initializing dsp...
143210.891197 [6424] [main] <info> Preparing for login...
143210.891197 [6424] [main] <info> Packet size: 65520
143210.891197 [6424] [main] <info> Logging in...
143210.948201 [6424] [main] <info> Logged in
143210.949201 [6424] [main] <info> State <CONNECTING> changed to <LOADING>
143210.949201 [6424] [main] <info> Loading static data...
143210.989203 [6424] [main] <info> Loading snapshot...
143210.989203 [6424] [main] <info> State <LOADING> changed to <READY>
143210.990203 [6424] [main] <info> Main thread OK. Data refresh period: 100
143216.272505 [6424] [main] <info> Snapshot progress: Cl: 4, As: 0
143216.272505 [6424] [main] <info> Snapshot loaded: Cl: 4, As: 0
143216.272505 [6424] [main] <info> Host RAM: 4294MB total, 432MB available, 99971KB used
